[0.664s] Invoking command in '/home/cnosmn/Desktop/ros2_sensor_ws/src/sensor_package': CFLAGS=-I/usr/local/cuda-12.6/include DEBUGINFOD_URLS=https://debuginfod.ubuntu.com PYTHONPATH=/home/cnosmn/Desktop/ros2_sensor_ws/build/sensor_package/prefix_override:/usr/lib/python3/dist-packages/colcon_core/task/python/colcon_distutils_commands:/home/cnosmn/Desktop/ros2_sensor_ws/install/sensor_package/lib/python3.12/site-packages:${PYTHONPATH} /usr/bin/python3 -W ignore:setup.py install is deprecated -W ignore:easy_install command is deprecated setup.py egg_info --egg-base ../../build/sensor_package build --build-base /home/cnosmn/Desktop/ros2_sensor_ws/build/sensor_package/build install --record /home/cnosmn/Desktop/ros2_sensor_ws/build/sensor_package/install.log --single-version-externally-managed install_data
[0.846s] running egg_info
[0.846s] creating ../../build/sensor_package/sensor_package.egg-info
[0.911s] writing ../../build/sensor_package/sensor_package.egg-info/PKG-INFO
[0.911s] writing dependency_links to ../../build/sensor_package/sensor_package.egg-info/dependency_links.txt
[0.911s] writing entry points to ../../build/sensor_package/sensor_package.egg-info/entry_points.txt
[0.912s] writing requirements to ../../build/sensor_package/sensor_package.egg-info/requires.txt
[0.912s] writing top-level names to ../../build/sensor_package/sensor_package.egg-info/top_level.txt
[0.912s] writing manifest file '../../build/sensor_package/sensor_package.egg-info/SOURCES.txt'
[0.942s] reading manifest file '../../build/sensor_package/sensor_package.egg-info/SOURCES.txt'
[0.943s] writing manifest file '../../build/sensor_package/sensor_package.egg-info/SOURCES.txt'
[0.943s] running build
[0.943s] running build_py
[0.943s] creating /home/cnosmn/Desktop/ros2_sensor_ws/build/sensor_package/build
[0.943s] creating /home/cnosmn/Desktop/ros2_sensor_ws/build/sensor_package/build/lib
[0.944s] creating /home/cnosmn/Desktop/ros2_sensor_ws/build/sensor_package/build/lib/sensor_package
[0.944s] copying sensor_package/temperature_service.py -> /home/cnosmn/Desktop/ros2_sensor_ws/build/sensor_package/build/lib/sensor_package
[0.944s] copying sensor_package/__init__.py -> /home/cnosmn/Desktop/ros2_sensor_ws/build/sensor_package/build/lib/sensor_package
[0.944s] copying sensor_package/temperature_subscriber.py -> /home/cnosmn/Desktop/ros2_sensor_ws/build/sensor_package/build/lib/sensor_package
[0.944s] copying sensor_package/temperature_publisher.py -> /home/cnosmn/Desktop/ros2_sensor_ws/build/sensor_package/build/lib/sensor_package
[0.944s] running install
[0.949s] running install_lib
[0.963s] creating /home/cnosmn/Desktop/ros2_sensor_ws/install/sensor_package/lib/python3.12/site-packages/sensor_package
[0.963s] copying /home/cnosmn/Desktop/ros2_sensor_ws/build/sensor_package/build/lib/sensor_package/temperature_service.py -> /home/cnosmn/Desktop/ros2_sensor_ws/install/sensor_package/lib/python3.12/site-packages/sensor_package
[0.963s] copying /home/cnosmn/Desktop/ros2_sensor_ws/build/sensor_package/build/lib/sensor_package/__init__.py -> /home/cnosmn/Desktop/ros2_sensor_ws/install/sensor_package/lib/python3.12/site-packages/sensor_package
[0.963s] copying /home/cnosmn/Desktop/ros2_sensor_ws/build/sensor_package/build/lib/sensor_package/temperature_subscriber.py -> /home/cnosmn/Desktop/ros2_sensor_ws/install/sensor_package/lib/python3.12/site-packages/sensor_package
[0.963s] copying /home/cnosmn/Desktop/ros2_sensor_ws/build/sensor_package/build/lib/sensor_package/temperature_publisher.py -> /home/cnosmn/Desktop/ros2_sensor_ws/install/sensor_package/lib/python3.12/site-packages/sensor_package
[0.964s] byte-compiling /home/cnosmn/Desktop/ros2_sensor_ws/install/sensor_package/lib/python3.12/site-packages/sensor_package/temperature_service.py to temperature_service.cpython-312.pyc
[0.964s] byte-compiling /home/cnosmn/Desktop/ros2_sensor_ws/install/sensor_package/lib/python3.12/site-packages/sensor_package/__init__.py to __init__.cpython-312.pyc
[0.964s] byte-compiling /home/cnosmn/Desktop/ros2_sensor_ws/install/sensor_package/lib/python3.12/site-packages/sensor_package/temperature_subscriber.py to temperature_subscriber.cpython-312.pyc
[0.965s] byte-compiling /home/cnosmn/Desktop/ros2_sensor_ws/install/sensor_package/lib/python3.12/site-packages/sensor_package/temperature_publisher.py to temperature_publisher.cpython-312.pyc
[0.966s] running install_data
[0.966s] creating /home/cnosmn/Desktop/ros2_sensor_ws/install/sensor_package/share/ament_index
[0.966s] creating /home/cnosmn/Desktop/ros2_sensor_ws/install/sensor_package/share/ament_index/resource_index
[0.966s] creating /home/cnosmn/Desktop/ros2_sensor_ws/install/sensor_package/share/ament_index/resource_index/packages
[0.966s] copying resource/sensor_package -> /home/cnosmn/Desktop/ros2_sensor_ws/install/sensor_package/share/ament_index/resource_index/packages
[0.966s] copying package.xml -> /home/cnosmn/Desktop/ros2_sensor_ws/install/sensor_package/share/sensor_package
[0.966s] running install_egg_info
[0.980s] Copying ../../build/sensor_package/sensor_package.egg-info to /home/cnosmn/Desktop/ros2_sensor_ws/install/sensor_package/lib/python3.12/site-packages/sensor_package-0.0.0-py3.12.egg-info
[0.980s] running install_scripts
[1.021s] Installing temperature_publisher script to /home/cnosmn/Desktop/ros2_sensor_ws/install/sensor_package/lib/sensor_package
[1.021s] Installing temperature_service script to /home/cnosmn/Desktop/ros2_sensor_ws/install/sensor_package/lib/sensor_package
[1.021s] Installing temperature_subscriber script to /home/cnosmn/Desktop/ros2_sensor_ws/install/sensor_package/lib/sensor_package
[1.022s] writing list of installed files to '/home/cnosmn/Desktop/ros2_sensor_ws/build/sensor_package/install.log'
[1.038s] Invoked command in '/home/cnosmn/Desktop/ros2_sensor_ws/src/sensor_package' returned '0': CFLAGS=-I/usr/local/cuda-12.6/include DEBUGINFOD_URLS=https://debuginfod.ubuntu.com PYTHONPATH=/home/cnosmn/Desktop/ros2_sensor_ws/build/sensor_package/prefix_override:/usr/lib/python3/dist-packages/colcon_core/task/python/colcon_distutils_commands:/home/cnosmn/Desktop/ros2_sensor_ws/install/sensor_package/lib/python3.12/site-packages:${PYTHONPATH} /usr/bin/python3 -W ignore:setup.py install is deprecated -W ignore:easy_install command is deprecated setup.py egg_info --egg-base ../../build/sensor_package build --build-base /home/cnosmn/Desktop/ros2_sensor_ws/build/sensor_package/build install --record /home/cnosmn/Desktop/ros2_sensor_ws/build/sensor_package/install.log --single-version-externally-managed install_data
