/home/cnosmn/Desktop/ros2_sensor_ws/install/sensor_package/lib/python3.12/site-packages/sensor_package/temperature_service.py
/home/cnosmn/Desktop/ros2_sensor_ws/install/sensor_package/lib/python3.12/site-packages/sensor_package/__init__.py
/home/cnosmn/Desktop/ros2_sensor_ws/install/sensor_package/lib/python3.12/site-packages/sensor_package/temperature_subscriber.py
/home/cnosmn/Desktop/ros2_sensor_ws/install/sensor_package/lib/python3.12/site-packages/sensor_package/temperature_publisher.py
/home/cnosmn/Desktop/ros2_sensor_ws/install/sensor_package/lib/python3.12/site-packages/sensor_package/__pycache__/temperature_service.cpython-312.pyc
/home/cnosmn/Desktop/ros2_sensor_ws/install/sensor_package/lib/python3.12/site-packages/sensor_package/__pycache__/__init__.cpython-312.pyc
/home/cnosmn/Desktop/ros2_sensor_ws/install/sensor_package/lib/python3.12/site-packages/sensor_package/__pycache__/temperature_subscriber.cpython-312.pyc
/home/cnosmn/Desktop/ros2_sensor_ws/install/sensor_package/lib/python3.12/site-packages/sensor_package/__pycache__/temperature_publisher.cpython-312.pyc
/home/cnosmn/Desktop/ros2_sensor_ws/install/sensor_package/share/ament_index/resource_index/packages/sensor_package
/home/cnosmn/Desktop/ros2_sensor_ws/install/sensor_package/share/sensor_package/package.xml
/home/cnosmn/Desktop/ros2_sensor_ws/install/sensor_package/lib/python3.12/site-packages/sensor_package-0.0.0-py3.12.egg-info/entry_points.txt
/home/cnosmn/Desktop/ros2_sensor_ws/install/sensor_package/lib/python3.12/site-packages/sensor_package-0.0.0-py3.12.egg-info/SOURCES.txt
/home/cnosmn/Desktop/ros2_sensor_ws/install/sensor_package/lib/python3.12/site-packages/sensor_package-0.0.0-py3.12.egg-info/zip-safe
/home/cnosmn/Desktop/ros2_sensor_ws/install/sensor_package/lib/python3.12/site-packages/sensor_package-0.0.0-py3.12.egg-info/dependency_links.txt
/home/cnosmn/Desktop/ros2_sensor_ws/install/sensor_package/lib/python3.12/site-packages/sensor_package-0.0.0-py3.12.egg-info/PKG-INFO
/home/cnosmn/Desktop/ros2_sensor_ws/install/sensor_package/lib/python3.12/site-packages/sensor_package-0.0.0-py3.12.egg-info/requires.txt
/home/cnosmn/Desktop/ros2_sensor_ws/install/sensor_package/lib/python3.12/site-packages/sensor_package-0.0.0-py3.12.egg-info/top_level.txt
/home/cnosmn/Desktop/ros2_sensor_ws/install/sensor_package/lib/sensor_package/temperature_publisher
/home/cnosmn/Desktop/ros2_sensor_ws/install/sensor_package/lib/sensor_package/temperature_service
/home/cnosmn/Desktop/ros2_sensor_ws/install/sensor_package/lib/sensor_package/temperature_subscriber
